<?xml version="1.0" encoding="UTF-8"?>
<testng-results skipped="0" failed="0" total="1" passed="1">
  <reporter-output>
  </reporter-output>
  <suite name="Default suite" duration-ms="39531" started-at="2019-10-12T09:51:33Z" finished-at="2019-10-12T09:52:13Z">
    <groups>
    </groups>
    <test name="Default test" duration-ms="39531" started-at="2019-10-12T09:51:33Z" finished-at="2019-10-12T09:52:13Z">
      <class name="com.first.challenge.tests.ZResultPageTest">
        <test-method status="PASS" signature="setup()[pri:0, instance:com.first.challenge.tests.ZResultPageTest@5594a1b5]" name="setup" is-config="true" duration-ms="26532" started-at="2019-10-12T20:51:33Z" finished-at="2019-10-12T20:52:00Z">
          <reporter-output>
          </reporter-output>
        </test-method> <!-- setup -->
        <test-method status="PASS" signature="testSearch()[pri:1, instance:com.first.challenge.tests.ZResultPageTest@5594a1b5]" name="testSearch" duration-ms="12982" started-at="2019-10-12T20:52:00Z" finished-at="2019-10-12T20:52:13Z">
          <reporter-output>
          </reporter-output>
        </test-method> <!-- testSearch -->
        <test-method status="PASS" signature="tearDown()[pri:0, instance:com.first.challenge.tests.ZResultPageTest@5594a1b5]" name="tearDown" is-config="true" duration-ms="1" started-at="2019-10-12T20:52:13Z" finished-at="2019-10-12T20:52:13Z">
          <reporter-output>
          </reporter-output>
        </test-method> <!-- tearDown -->
      </class> <!-- com.first.challenge.tests.ZResultPageTest -->
    </test> <!-- Default test -->
  </suite> <!-- Default suite -->
</testng-results>
